<?xml version="1.0" encoding="UTF-8"?>
<testsuite xmlns:xsi="http://www.w3.org/2001/XMLSchema-instance" xsi:noNamespaceSchemaLocation="https://maven.apache.org/surefire/maven-surefire-plugin/xsd/surefire-test-report-3.0.xsd" version="3.0" name="com.jwattsuk.tradingexchange.matching.OrderBookTest" time="0.095" tests="14" errors="0" skipped="0" failures="0">
  <properties>
[...]
</properties>
  <testcase name="testCancelNonExistentOrder" classname="com.jwattsuk.tradingexchange.matching.OrderBookTest" time="0.079"/>
  <testcase name="testMatchingSellOrder" classname="com.jwattsuk.tradingexchange.matching.OrderBookTest" time="0.003"/>
  <testcase name="testMarketOrderBuy" classname="com.jwattsuk.tradingexchange.matching.OrderBookTest" time="0.001"/>
  <testcase name="testZeroQuantityOrder" classname="com.jwattsuk.tradingexchange.matching.OrderBookTest" time="0.0"/>
  <testcase name="testOrderBookSnapshot" classname="com.jwattsuk.tradingexchange.matching.OrderBookTest" time="0.001"/>
  <testcase name="testAddSellOrder" classname="com.jwattsuk.tradingexchange.matching.OrderBookTest" time="0.001"/>
  <testcase name="testPartialFill" classname="com.jwattsuk.tradingexchange.matching.OrderBookTest" time="0.0"/>
  <testcase name="testMatchingBuyOrder" classname="com.jwattsuk.tradingexchange.matching.OrderBookTest" time="0.001"/>
  <testcase name="testMarketOrderSell" classname="com.jwattsuk.tradingexchange.matching.OrderBookTest" time="0.0"/>
  <testcase name="testEmptyOrderBook" classname="com.jwattsuk.tradingexchange.matching.OrderBookTest" time="0.001"/>
  <testcase name="testPriceTimePriority" classname="com.jwattsuk.tradingexchange.matching.OrderBookTest" time="0.0"/>
  <testcase name="testAddBuyOrder" classname="com.jwattsuk.tradingexchange.matching.OrderBookTest" time="0.0"/>
  <testcase name="testCancelAlreadyFilledOrder" classname="com.jwattsuk.tradingexchange.matching.OrderBookTest" time="0.0"/>
  <testcase name="testCancelOrder" classname="com.jwattsuk.tradingexchange.matching.OrderBookTest" time="0.0"/>
</testsuite>